Started GET "/" for 127.0.0.1 at 2018-06-11 17:08:04 -0700
Processing by ApplicationController#hello as HTML
  Rendering html template
  Rendered html template (0.0ms)
Completed 200 OK in 199ms (Views: 4.7ms)


Started GET "/" for 127.0.0.1 at 2018-06-11 17:08:05 -0700
Processing by ApplicationController#hello as HTML
  Rendering html template
  Rendered html template (0.0ms)
Completed 200 OK in 1ms (Views: 0.4ms)


Started GET "/" for 127.0.0.1 at 2018-06-12 08:51:58 -0700
Processing by ApplicationController#hello as HTML
  Rendering html template
  Rendered html template (0.0ms)
Completed 200 OK in 114ms (Views: 5.0ms)


Started GET "/static_pages/home" for 127.0.0.1 at 2018-06-12 08:52:09 -0700
Processing by StaticPagesController#home as HTML
  Rendering static_pages/home.html.erb within layouts/application
  Rendered static_pages/home.html.erb within layouts/application (1.6ms)
Completed 200 OK in 456ms (Views: 453.0ms)


Started GET "/static_pages/help" for 127.0.0.1 at 2018-06-12 08:52:13 -0700
Processing by StaticPagesController#help as HTML
  Rendering static_pages/help.html.erb within layouts/application
  Rendered static_pages/help.html.erb within layouts/application (0.5ms)
Completed 200 OK in 20ms (Views: 16.5ms)


Started GET "/static_pages/help" for 127.0.0.1 at 2018-06-12 09:15:29 -0700
Processing by StaticPagesController#help as HTML
  Rendering static_pages/help.html.erb within layouts/application
  Rendered static_pages/help.html.erb within layouts/application (0.4ms)
Completed 200 OK in 24ms (Views: 20.7ms)


Started GET "/static_pages/home" for 127.0.0.1 at 2018-06-12 09:15:43 -0700
Processing by StaticPagesController#home as HTML
  Rendering static_pages/home.html.erb within layouts/application
  Rendered static_pages/home.html.erb within layouts/application (0.3ms)
Completed 200 OK in 23ms (Views: 20.1ms)


Started GET "/static_pages/about" for 127.0.0.1 at 2018-06-12 09:23:09 -0700
Processing by StaticPagesController#about as HTML
  Rendering static_pages/about.html.erb within layouts/application
  Rendered static_pages/about.html.erb within layouts/application (0.3ms)
Completed 200 OK in 20ms (Views: 17.1ms)


Started GET "/" for 127.0.0.1 at 2018-06-12 14:23:40 -0700
Processing by StaticPagesController#home as HTML
  Rendering static_pages/home.html.erb within layouts/application
  Rendered static_pages/home.html.erb within layouts/application (0.5ms)
Completed 200 OK in 22ms (Views: 19.4ms)


Started GET "/" for 127.0.0.1 at 2018-06-13 11:36:53 -0700
Processing by StaticPagesController#home as HTML
  Rendering static_pages/home.html.erb within layouts/application
  Rendered static_pages/home.html.erb within layouts/application (178.0ms)
Completed 200 OK in 324ms (Views: 210.2ms)


Started GET "/" for 127.0.0.1 at 2018-06-13 11:40:06 -0700
Processing by StaticPagesController#home as HTML
  Rendering static_pages/home.html.erb within layouts/application
  Rendered static_pages/home.html.erb within layouts/application (69.9ms)
Completed 200 OK in 106ms (Views: 102.5ms)


Started GET "/" for 127.0.0.1 at 2018-06-13 11:40:08 -0700
Processing by StaticPagesController#home as HTML
  Rendering static_pages/home.html.erb within layouts/application
  Rendered static_pages/home.html.erb within layouts/application (1.6ms)
Completed 200 OK in 19ms (Views: 16.8ms)


Started GET "/" for 127.0.0.1 at 2018-06-13 13:12:45 -0700
Processing by StaticPagesController#home as HTML
  Rendering static_pages/home.html.erb within layouts/application
  Rendered static_pages/home.html.erb within layouts/application (2610.1ms)
Completed 200 OK in 2823ms (Views: 2662.6ms)


Started GET "/" for 127.0.0.1 at 2018-06-13 13:13:59 -0700
Processing by StaticPagesController#home as HTML
  Rendering static_pages/home.html.erb within layouts/application
  Rendered static_pages/home.html.erb within layouts/application (2.4ms)
Completed 200 OK in 35ms (Views: 32.0ms)


Started GET "/" for 127.0.0.1 at 2018-06-13 13:15:13 -0700
Processing by StaticPagesController#home as HTML
  Rendering static_pages/home.html.erb within layouts/application
  Rendered static_pages/home.html.erb within layouts/application (2.1ms)
Completed 200 OK in 1338ms (Views: 1335.3ms)


Started GET "/" for 127.0.0.1 at 2018-06-13 13:15:56 -0700
Processing by StaticPagesController#home as HTML
  Rendering static_pages/home.html.erb within layouts/application
  Rendered static_pages/home.html.erb within layouts/application (1.4ms)
Completed 200 OK in 1388ms (Views: 1386.0ms)


Started GET "/" for 127.0.0.1 at 2018-06-13 13:16:05 -0700
Processing by StaticPagesController#home as HTML
  Rendering static_pages/home.html.erb within layouts/application
  Rendered static_pages/home.html.erb within layouts/application (1.4ms)
Completed 200 OK in 24ms (Views: 21.6ms)


Started GET "/" for 127.0.0.1 at 2018-06-13 13:17:42 -0700
Processing by StaticPagesController#home as HTML
  Rendering static_pages/home.html.erb within layouts/application
  Rendered static_pages/home.html.erb within layouts/application (1.8ms)
Completed 200 OK in 1382ms (Views: 1379.5ms)


Started GET "/" for 127.0.0.1 at 2018-06-13 13:19:53 -0700
Processing by StaticPagesController#home as HTML
  Rendering static_pages/home.html.erb within layouts/application
  Rendered static_pages/home.html.erb within layouts/application (2.0ms)
Completed 200 OK in 1349ms (Views: 1346.3ms)


Started GET "/" for 127.0.0.1 at 2018-06-13 13:20:22 -0700
Processing by StaticPagesController#home as HTML
  Rendering static_pages/home.html.erb within layouts/application
  Rendered static_pages/home.html.erb within layouts/application (1.8ms)
Completed 200 OK in 1417ms (Views: 1413.9ms)


Started GET "/" for 127.0.0.1 at 2018-06-13 13:26:30 -0700
Processing by StaticPagesController#home as HTML
  Rendering static_pages/home.html.erb within layouts/application
  Rendered static_pages/home.html.erb within layouts/application (1.8ms)
Completed 500 Internal Server Error in 1417ms


  
ActionView::Template::Error (Missing partial layouts/_shin with {:locale=>[:en], :formats=>[:html], :variants=>[], :handlers=>[:raw, :erb, :html, :builder, :ruby, :coffee, :jbuilder]}. Searched in:
  * "/Users/brendanjones/Documents/Code/rails-tutorials/ch-5/sample_app/app/views"
):
     6:     <%= stylesheet_link_tag    'application', media: 'all',
     7:                                               'data-turbolinks-track': 'reload' %>
     8:     <%= javascript_include_tag 'application', 'data-turbolinks-track': 'reload' %>
     9:     <%= render 'layouts/shin' %>
    10:   </head>
    11:   <body>
    12:     <%= render 'layouts/header' %>
  
app/views/layouts/application.html.erb:9:in `_app_views_layouts_application_html_erb___3530590048328316021_70316061065580'
Started GET "/" for 127.0.0.1 at 2018-06-13 13:26:39 -0700
Processing by StaticPagesController#home as HTML
  Rendering static_pages/home.html.erb within layouts/application
  Rendered static_pages/home.html.erb within layouts/application (2.2ms)
  Rendered layouts/_shim.html.erb (0.3ms)
  Rendered layouts/_header.html.erb (0.6ms)
  Rendered layouts/_footer.html.erb (0.4ms)
Completed 200 OK in 41ms (Views: 38.3ms)


Started GET "/" for 127.0.0.1 at 2018-06-13 13:48:52 -0700
Processing by StaticPagesController#home as HTML
  Rendering static_pages/home.html.erb within layouts/application
  Rendered static_pages/home.html.erb within layouts/application (2.0ms)
  Rendered layouts/_rails_default.html.erb (1375.4ms)
  Rendered layouts/_shim.html.erb (0.3ms)
  Rendered layouts/_header.html.erb (0.4ms)
  Rendered layouts/_footer.html.erb (0.4ms)
Completed 200 OK in 1405ms (Views: 1402.7ms)


Started GET "/" for 127.0.0.1 at 2018-06-13 13:49:02 -0700
Processing by StaticPagesController#home as HTML
  Rendering static_pages/home.html.erb within layouts/application
  Rendered static_pages/home.html.erb within layouts/application (1.9ms)
  Rendered layouts/_rails_default.html.erb (15.8ms)
  Rendered layouts/_shim.html.erb (0.2ms)
  Rendered layouts/_header.html.erb (0.4ms)
  Rendered layouts/_footer.html.erb (0.4ms)
Completed 200 OK in 38ms (Views: 34.5ms)


Started GET "/" for 127.0.0.1 at 2018-06-13 13:49:03 -0700
Processing by StaticPagesController#home as HTML
  Rendering static_pages/home.html.erb within layouts/application
  Rendered static_pages/home.html.erb within layouts/application (1.9ms)
  Rendered layouts/_rails_default.html.erb (16.3ms)
  Rendered layouts/_shim.html.erb (0.2ms)
  Rendered layouts/_header.html.erb (0.4ms)
  Rendered layouts/_footer.html.erb (0.4ms)
Completed 200 OK in 39ms (Views: 36.7ms)


Started GET "/" for 127.0.0.1 at 2018-06-13 13:49:04 -0700
Processing by StaticPagesController#home as HTML
  Rendering static_pages/home.html.erb within layouts/application
  Rendered static_pages/home.html.erb within layouts/application (1.9ms)
  Rendered layouts/_rails_default.html.erb (17.3ms)
  Rendered layouts/_shim.html.erb (0.4ms)
  Rendered layouts/_header.html.erb (1.0ms)
  Rendered layouts/_footer.html.erb (0.3ms)
Completed 200 OK in 40ms (Views: 37.2ms)


Started GET "/" for 127.0.0.1 at 2018-06-13 13:49:04 -0700
Processing by StaticPagesController#home as HTML
  Rendering static_pages/home.html.erb within layouts/application
  Rendered static_pages/home.html.erb within layouts/application (15.2ms)
  Rendered layouts/_rails_default.html.erb (22.0ms)
  Rendered layouts/_shim.html.erb (0.4ms)
  Rendered layouts/_header.html.erb (0.4ms)
  Rendered layouts/_footer.html.erb (0.3ms)
Completed 200 OK in 63ms (Views: 59.9ms)


Started GET "/" for 127.0.0.1 at 2018-06-13 13:49:04 -0700
Processing by StaticPagesController#home as HTML
  Rendering static_pages/home.html.erb within layouts/application
  Rendered static_pages/home.html.erb within layouts/application (1.8ms)
  Rendered layouts/_rails_default.html.erb (16.8ms)
  Rendered layouts/_shim.html.erb (0.3ms)
  Rendered layouts/_header.html.erb (0.4ms)
  Rendered layouts/_footer.html.erb (0.2ms)
Completed 200 OK in 43ms (Views: 39.1ms)


Started GET "/" for 127.0.0.1 at 2018-06-13 13:49:04 -0700
Processing by StaticPagesController#home as HTML
  Rendering static_pages/home.html.erb within layouts/application
  Rendered static_pages/home.html.erb within layouts/application (2.1ms)
  Rendered layouts/_rails_default.html.erb (19.2ms)
  Rendered layouts/_shim.html.erb (0.3ms)
  Rendered layouts/_header.html.erb (0.4ms)
  Rendered layouts/_footer.html.erb (0.3ms)
Completed 200 OK in 42ms (Views: 39.1ms)


Started GET "/" for 127.0.0.1 at 2018-06-13 13:49:05 -0700
Processing by StaticPagesController#home as HTML
  Rendering static_pages/home.html.erb within layouts/application
  Rendered static_pages/home.html.erb within layouts/application (1.7ms)
  Rendered layouts/_rails_default.html.erb (18.0ms)
  Rendered layouts/_shim.html.erb (0.3ms)
  Rendered layouts/_header.html.erb (0.5ms)
  Rendered layouts/_footer.html.erb (0.6ms)
Completed 200 OK in 37ms (Views: 35.0ms)


Started GET "/" for 127.0.0.1 at 2018-06-13 13:49:05 -0700
Processing by StaticPagesController#home as HTML
  Rendering static_pages/home.html.erb within layouts/application
  Rendered static_pages/home.html.erb within layouts/application (1.8ms)
  Rendered layouts/_rails_default.html.erb (18.9ms)
  Rendered layouts/_shim.html.erb (0.3ms)
  Rendered layouts/_header.html.erb (0.5ms)
  Rendered layouts/_footer.html.erb (0.3ms)
Completed 200 OK in 40ms (Views: 37.8ms)


Started GET "/" for 127.0.0.1 at 2018-06-13 13:49:05 -0700
Processing by StaticPagesController#home as HTML
  Rendering static_pages/home.html.erb within layouts/application
  Rendered static_pages/home.html.erb within layouts/application (1.9ms)
  Rendered layouts/_rails_default.html.erb (17.2ms)
  Rendered layouts/_shim.html.erb (0.2ms)
  Rendered layouts/_header.html.erb (0.5ms)
  Rendered layouts/_footer.html.erb (0.4ms)
Completed 200 OK in 39ms (Views: 36.7ms)


Started GET "/" for 127.0.0.1 at 2018-06-13 13:51:35 -0700
Processing by StaticPagesController#home as HTML
  Rendering static_pages/home.html.erb within layouts/application
  Rendered static_pages/home.html.erb within layouts/application (1.9ms)
  Rendered layouts/_rails_default.html.erb (1440.1ms)
  Rendered layouts/_shim.html.erb (0.4ms)
  Rendered layouts/_header.html.erb (0.4ms)
  Rendered layouts/_footer.html.erb (0.4ms)
Completed 200 OK in 1470ms (Views: 1467.2ms)


Started GET "/help" for 127.0.0.1 at 2018-06-13 14:07:45 -0700
Processing by StaticPagesController#home as HTML
  Rendering static_pages/home.html.erb within layouts/application
  Rendered static_pages/home.html.erb within layouts/application (1.9ms)
  Rendered layouts/_rails_default.html.erb (18.6ms)
  Rendered layouts/_shim.html.erb (0.3ms)
  Rendered layouts/_header.html.erb (0.3ms)
  Rendered layouts/_footer.html.erb (0.2ms)
Completed 200 OK in 41ms (Views: 37.9ms)


Started GET "/help" for 127.0.0.1 at 2018-06-13 14:07:46 -0700
Processing by StaticPagesController#home as HTML
  Rendering static_pages/home.html.erb within layouts/application
  Rendered static_pages/home.html.erb within layouts/application (1.9ms)
  Rendered layouts/_rails_default.html.erb (17.5ms)
  Rendered layouts/_shim.html.erb (0.3ms)
  Rendered layouts/_header.html.erb (0.5ms)
  Rendered layouts/_footer.html.erb (0.4ms)
Completed 200 OK in 42ms (Views: 38.9ms)


Started GET "/help" for 127.0.0.1 at 2018-06-13 14:07:47 -0700
Processing by StaticPagesController#home as HTML
  Rendering static_pages/home.html.erb within layouts/application
  Rendered static_pages/home.html.erb within layouts/application (2.1ms)
  Rendered layouts/_rails_default.html.erb (33.7ms)
  Rendered layouts/_shim.html.erb (0.3ms)
  Rendered layouts/_header.html.erb (0.4ms)
  Rendered layouts/_footer.html.erb (0.6ms)
Completed 200 OK in 57ms (Views: 54.2ms)


Started GET "/help" for 127.0.0.1 at 2018-06-13 14:07:48 -0700
Processing by StaticPagesController#home as HTML
  Rendering static_pages/home.html.erb within layouts/application
  Rendered static_pages/home.html.erb within layouts/application (3.3ms)
  Rendered layouts/_rails_default.html.erb (21.3ms)
  Rendered layouts/_shim.html.erb (0.4ms)
  Rendered layouts/_header.html.erb (0.5ms)
  Rendered layouts/_footer.html.erb (0.4ms)
Completed 200 OK in 50ms (Views: 47.0ms)


Started GET "/help" for 127.0.0.1 at 2018-06-13 14:18:59 -0700
Processing by StaticPagesController#help as HTML
  Rendering static_pages/help.html.erb within layouts/application
  Rendered static_pages/help.html.erb within layouts/application (0.8ms)
  Rendered layouts/_rails_default.html.erb (256.6ms)
  Rendered layouts/_shim.html.erb (0.4ms)
  Rendered layouts/_header.html.erb (0.9ms)
  Rendered layouts/_footer.html.erb (0.4ms)
Completed 200 OK in 423ms (Views: 282.9ms)


Started GET "/help" for 127.0.0.1 at 2018-06-13 14:19:01 -0700
Processing by StaticPagesController#help as HTML
  Rendering static_pages/help.html.erb within layouts/application
  Rendered static_pages/help.html.erb within layouts/application (0.4ms)
  Rendered layouts/_rails_default.html.erb (18.8ms)
  Rendered layouts/_shim.html.erb (0.3ms)
  Rendered layouts/_header.html.erb (0.5ms)
  Rendered layouts/_footer.html.erb (0.4ms)
Completed 200 OK in 40ms (Views: 36.8ms)


Started GET "/" for 127.0.0.1 at 2018-06-13 14:19:02 -0700
Processing by StaticPagesController#home as HTML
  Rendering static_pages/home.html.erb within layouts/application
  Rendered static_pages/home.html.erb within layouts/application (2.4ms)
  Rendered layouts/_rails_default.html.erb (23.5ms)
  Rendered layouts/_shim.html.erb (0.2ms)
  Rendered layouts/_header.html.erb (0.5ms)
  Rendered layouts/_footer.html.erb (0.4ms)
Completed 200 OK in 53ms (Views: 49.7ms)


Started GET "/help" for 127.0.0.1 at 2018-06-13 14:19:03 -0700
Processing by StaticPagesController#help as HTML
  Rendering static_pages/help.html.erb within layouts/application
  Rendered static_pages/help.html.erb within layouts/application (0.3ms)
  Rendered layouts/_rails_default.html.erb (22.2ms)
  Rendered layouts/_shim.html.erb (0.3ms)
  Rendered layouts/_header.html.erb (0.6ms)
  Rendered layouts/_footer.html.erb (0.3ms)
Completed 200 OK in 46ms (Views: 42.6ms)


Started GET "/" for 127.0.0.1 at 2018-06-13 14:19:03 -0700
Processing by StaticPagesController#home as HTML
  Rendering static_pages/home.html.erb within layouts/application
  Rendered static_pages/home.html.erb within layouts/application (2.2ms)
  Rendered layouts/_rails_default.html.erb (23.4ms)
  Rendered layouts/_shim.html.erb (0.4ms)
  Rendered layouts/_header.html.erb (0.7ms)
  Rendered layouts/_footer.html.erb (0.4ms)
Completed 200 OK in 54ms (Views: 50.7ms)


Started GET "/" for 127.0.0.1 at 2018-06-13 14:19:04 -0700
Processing by StaticPagesController#home as HTML
  Rendering static_pages/home.html.erb within layouts/application
  Rendered static_pages/home.html.erb within layouts/application (2.7ms)
  Rendered layouts/_rails_default.html.erb (26.4ms)
  Rendered layouts/_shim.html.erb (0.2ms)
  Rendered layouts/_header.html.erb (0.8ms)
  Rendered layouts/_footer.html.erb (0.5ms)
Completed 200 OK in 56ms (Views: 51.7ms)


Started GET "/help" for 127.0.0.1 at 2018-06-13 14:19:05 -0700
Processing by StaticPagesController#help as HTML
  Rendering static_pages/help.html.erb within layouts/application
  Rendered static_pages/help.html.erb within layouts/application (0.5ms)
  Rendered layouts/_rails_default.html.erb (24.1ms)
  Rendered layouts/_shim.html.erb (0.3ms)
  Rendered layouts/_header.html.erb (0.5ms)
  Rendered layouts/_footer.html.erb (0.5ms)
Completed 200 OK in 53ms (Views: 48.8ms)


Started GET "/" for 127.0.0.1 at 2018-06-13 14:19:05 -0700
Processing by StaticPagesController#home as HTML
  Rendering static_pages/home.html.erb within layouts/application
  Rendered static_pages/home.html.erb within layouts/application (2.1ms)
  Rendered layouts/_rails_default.html.erb (24.1ms)
  Rendered layouts/_shim.html.erb (0.3ms)
  Rendered layouts/_header.html.erb (0.5ms)
  Rendered layouts/_footer.html.erb (0.3ms)
Completed 200 OK in 50ms (Views: 46.7ms)


Started GET "/about" for 127.0.0.1 at 2018-06-13 14:19:07 -0700
Processing by StaticPagesController#about as HTML
  Rendering static_pages/about.html.erb within layouts/application
  Rendered static_pages/about.html.erb within layouts/application (0.3ms)
  Rendered layouts/_rails_default.html.erb (21.0ms)
  Rendered layouts/_shim.html.erb (0.3ms)
  Rendered layouts/_header.html.erb (0.6ms)
  Rendered layouts/_footer.html.erb (0.5ms)
Completed 200 OK in 46ms (Views: 42.8ms)


Started GET "/contact" for 127.0.0.1 at 2018-06-13 14:19:08 -0700
Processing by StaticPagesController#contact as HTML
  Rendering static_pages/contact.html.erb within layouts/application
  Rendered static_pages/contact.html.erb within layouts/application (0.4ms)
  Rendered layouts/_rails_default.html.erb (20.9ms)
  Rendered layouts/_shim.html.erb (0.3ms)
  Rendered layouts/_header.html.erb (0.5ms)
  Rendered layouts/_footer.html.erb (0.3ms)
Completed 200 OK in 43ms (Views: 40.1ms)


Started GET "/" for 127.0.0.1 at 2018-06-13 14:19:10 -0700
Processing by StaticPagesController#home as HTML
  Rendering static_pages/home.html.erb within layouts/application
  Rendered static_pages/home.html.erb within layouts/application (2.3ms)
  Rendered layouts/_rails_default.html.erb (29.9ms)
  Rendered layouts/_shim.html.erb (0.2ms)
  Rendered layouts/_header.html.erb (0.7ms)
  Rendered layouts/_footer.html.erb (0.4ms)
Completed 200 OK in 61ms (Views: 57.9ms)


Started GET "/" for 127.0.0.1 at 2018-06-13 14:28:54 -0700
Processing by StaticPagesController#home as HTML
  Rendering static_pages/home.html.erb within layouts/application
  Rendered static_pages/home.html.erb within layouts/application (2.3ms)
  Rendered layouts/_rails_default.html.erb (21.6ms)
  Rendered layouts/_shim.html.erb (0.4ms)
  Rendered layouts/_header.html.erb (0.6ms)
  Rendered layouts/_footer.html.erb (0.4ms)
Completed 200 OK in 48ms (Views: 45.3ms)


Started GET "/help" for 127.0.0.1 at 2018-06-13 14:28:55 -0700
Processing by StaticPagesController#help as HTML
  Rendering static_pages/help.html.erb within layouts/application
  Rendered static_pages/help.html.erb within layouts/application (0.3ms)
  Rendered layouts/_rails_default.html.erb (21.9ms)
  Rendered layouts/_shim.html.erb (0.2ms)
  Rendered layouts/_header.html.erb (0.4ms)
  Rendered layouts/_footer.html.erb (0.3ms)
Completed 200 OK in 44ms (Views: 40.8ms)


Started GET "/help" for 127.0.0.1 at 2018-06-13 14:46:26 -0700
Processing by StaticPagesController#help as HTML
  Rendering static_pages/help.html.erb within layouts/application
  Rendered static_pages/help.html.erb within layouts/application (0.4ms)
  Rendered layouts/_rails_default.html.erb (77.8ms)
  Rendered layouts/_shim.html.erb (0.3ms)
  Rendered layouts/_header.html.erb (0.6ms)
  Rendered layouts/_footer.html.erb (0.4ms)
Completed 200 OK in 103ms (Views: 100.4ms)


Started GET "/" for 127.0.0.1 at 2018-06-13 14:46:27 -0700
Processing by StaticPagesController#home as HTML
  Rendering static_pages/home.html.erb within layouts/application
  Rendered static_pages/home.html.erb within layouts/application (2.1ms)
  Rendered layouts/_rails_default.html.erb (20.0ms)
  Rendered layouts/_shim.html.erb (0.4ms)
  Rendered layouts/_header.html.erb (0.5ms)
  Rendered layouts/_footer.html.erb (0.4ms)
Completed 200 OK in 43ms (Views: 40.6ms)


Started GET "/signup" for 127.0.0.1 at 2018-06-13 14:46:28 -0700
Processing by UsersController#new as HTML
  Rendering users/new.html.erb within layouts/application
  Rendered users/new.html.erb within layouts/application (0.5ms)
  Rendered layouts/_rails_default.html.erb (19.2ms)
  Rendered layouts/_shim.html.erb (0.2ms)
  Rendered layouts/_header.html.erb (0.6ms)
  Rendered layouts/_footer.html.erb (0.3ms)
Completed 200 OK in 40ms (Views: 37.3ms)


  [1m[35m (0.1ms)[0m  [1m[34mSELECT sqlite_version(*)[0m
  [1m[35m (7.5ms)[0m  [1m[35mCREATE TABLE "schema_migrations" ("version" varchar NOT NULL PRIMARY KEY)[0m
  [1m[35m (1.4ms)[0m  [1m[35mCREATE TABLE "ar_internal_metadata" ("key" varchar NOT NULL PRIMARY KEY, "value" varchar, "created_at" datetime NOT NULL, "updated_at" datetime NOT NULL)[0m
  [1m[35m (0.1ms)[0m  [1m[34mSELECT "schema_migrations"."version" FROM "schema_migrations" ORDER BY "schema_migrations"."version" ASC[0m
Migrating to CreateUsers (20180612214658)
  [1m[35m (0.0ms)[0m  [1m[36mbegin transaction[0m
  [1m[35m (0.3ms)[0m  [1m[35mCREATE TABLE "users" ("id" INTEGER PRIMARY KEY AUTOINCREMENT NOT NULL, "name" varchar, "email" varchar, "created_at" datetime NOT NULL, "updated_at" datetime NOT NULL)[0m
  [1m[35mSQL (0.1ms)[0m  [1m[32mINSERT INTO "schema_migrations" ("version") VALUES (?)[0m  [["version", "20180612214658"]]
  [1m[35m (1.3ms)[0m  [1m[36mcommit transaction[0m
Migrating to AddIndexToUsersEmail (20180612224304)
  [1m[35m (0.0ms)[0m  [1m[36mbegin transaction[0m
  [1m[35m (0.2ms)[0m  [1m[35mCREATE UNIQUE INDEX "index_users_on_email" ON "users" ("email")[0m
  [1m[35mSQL (0.1ms)[0m  [1m[32mINSERT INTO "schema_migrations" ("version") VALUES (?)[0m  [["version", "20180612224304"]]
  [1m[35m (0.8ms)[0m  [1m[36mcommit transaction[0m
Migrating to AddPasswordDigestToUsers (20180612232344)
  [1m[35m (0.0ms)[0m  [1m[36mbegin transaction[0m
  [1m[35m (0.3ms)[0m  [1m[35mALTER TABLE "users" ADD "password_digest" varchar[0m
  [1m[35mSQL (0.1ms)[0m  [1m[32mINSERT INTO "schema_migrations" ("version") VALUES (?)[0m  [["version", "20180612232344"]]
  [1m[35m (1.2ms)[0m  [1m[36mcommit transaction[0m
  [1m[36mActiveRecord::InternalMetadata Load (0.2ms)[0m  [1m[34mSELECT  "ar_internal_metadata".* FROM "ar_internal_metadata" WHERE "ar_internal_metadata"."key" = ? LIMIT ?[0m  [["key", "environment"], ["LIMIT", 1]]
  [1m[35m (0.0ms)[0m  [1m[36mbegin transaction[0m
  [1m[35mSQL (0.4ms)[0m  [1m[32mINSERT INTO "ar_internal_metadata" ("key", "value", "created_at", "updated_at") VALUES (?, ?, ?, ?)[0m  [["key", "environment"], ["value", "development"], ["created_at", "2018-06-13 21:59:13.823385"], ["updated_at", "2018-06-13 21:59:13.823385"]]
  [1m[35m (1.5ms)[0m  [1m[36mcommit transaction[0m
  [1m[35m (0.1ms)[0m  [1m[34mSELECT "schema_migrations"."version" FROM "schema_migrations" ORDER BY "schema_migrations"."version" ASC[0m
  [1m[35m (0.1ms)[0m  [1m[34m            SELECT sql
            FROM sqlite_master
            WHERE name='index_users_on_email' AND type='index'
            UNION ALL
            SELECT sql
            FROM sqlite_temp_master
            WHERE name='index_users_on_email' AND type='index'
[0m
